The system is: Darwin - 20.5.0 - x86_64
Compiling the CXX compiler identification source file "CMakeCXXCompilerId.cpp" succeeded.
Compiler: /usr/local/bin/g++-11 
Build flags: 
Id flags:  

The output was:
0


Compilation of the CXX compiler identification source "CMakeCXXCompilerId.cpp" produced "a.out"

The CXX compiler identification is GNU, found in "/Users/masaya/Programs/git_test/C-test/build/CMakeFiles/3.20.5/CompilerIdCXX/a.out"

Detecting CXX compiler ABI info compiled with the following output:
Change Dir: /Users/masaya/Programs/git_test/C-test/build/CMakeFiles/CMakeTmp

Run Build Command(s):/usr/bin/make -f Makefile cmTC_5cef9/fast && /Library/Developer/CommandLineTools/usr/bin/make  -f CMakeFiles/cmTC_5cef9.dir/build.make CMakeFiles/cmTC_5cef9.dir/build
Building CXX object CMakeFiles/cmTC_5cef9.dir/CMakeCXXCompilerABI.cpp.o
/usr/local/bin/g++-11   -isysroot /Library/Developer/CommandLineTools/SDKs/MacOSX11.3.sdk   -v -Wl,-v -o CMakeFiles/cmTC_5cef9.dir/CMakeCXXCompilerABI.cpp.o -c /usr/local/Cellar/cmake/3.20.5/share/cmake/Modules/CMakeCXXCompilerABI.cpp
Using built-in specs.
COLLECT_GCC=/usr/local/bin/g++-11
Target: x86_64-apple-darwin20
Configured with: ../configure --prefix=/usr/local/Cellar/gcc/11.1.0_1 --libdir=/usr/local/Cellar/gcc/11.1.0_1/lib/gcc/11 --disable-nls --enable-checking=release --enable-languages=c,c++,objc,obj-c++,fortran,d --program-suffix=-11 --with-gmp=/usr/local/opt/gmp --with-mpfr=/usr/local/opt/mpfr --with-mpc=/usr/local/opt/libmpc --with-isl=/usr/local/opt/isl --with-zstd=/usr/local/opt/zstd --with-pkgversion='Homebrew GCC 11.1.0_1' --with-bugurl=https://github.com/Homebrew/homebrew-core/issues --enable-libphobos --build=x86_64-apple-darwin20 --with-system-zlib --disable-multilib --without-build-config --with-native-system-header-dir=/usr/include --with-sysroot=/Library/Developer/CommandLineTools/SDKs/MacOSX.sdk
Thread model: posix
Supported LTO compression algorithms: zlib zstd
gcc version 11.1.0 (Homebrew GCC 11.1.0_1) 
COLLECT_GCC_OPTIONS='-isysroot' '/Library/Developer/CommandLineTools/SDKs/MacOSX11.3.sdk' '-v' '-o' 'CMakeFiles/cmTC_5cef9.dir/CMakeCXXCompilerABI.cpp.o' '-c' '-mmacosx-version-min=11.4.0' '-asm_macosx_version_min=11.4' '-shared-libgcc' '-mtune=core2' '-dumpdir' 'CMakeFiles/cmTC_5cef9.dir/'
 /usr/local/Cellar/gcc/11.1.0_1/libexec/gcc/x86_64-apple-darwin20/11.1.0/cc1plus -quiet -v -D__DYNAMIC__ -isysroot /Library/Developer/CommandLineTools/SDKs/MacOSX11.3.sdk /usr/local/Cellar/cmake/3.20.5/share/cmake/Modules/CMakeCXXCompilerABI.cpp -fPIC -quiet -dumpdir CMakeFiles/cmTC_5cef9.dir/ -dumpbase CMakeCXXCompilerABI.cpp.cpp -dumpbase-ext .cpp -mmacosx-version-min=11.4.0 -mtune=core2 -version -o /var/folders/r3/499ff58d7q733q_w86r837g40000gn/T//ccvnxM8t.s
GNU C++17 (Homebrew GCC 11.1.0_1) version 11.1.0 (x86_64-apple-darwin20)
	compiled by GNU C version 11.1.0, GMP version 6.2.1, MPFR version 4.1.0, MPC version 1.2.1, isl version isl-0.24-GMP

GGC heuristics: --param ggc-min-expand=100 --param ggc-min-heapsize=131072
ignoring nonexistent directory "/Library/Developer/CommandLineTools/SDKs/MacOSX11.3.sdk/usr/local/include"
ignoring nonexistent directory "/usr/local/Cellar/gcc/11.1.0_1/lib/gcc/11/gcc/x86_64-apple-darwin20/11.1.0/../../../../../../x86_64-apple-darwin20/include"
ignoring nonexistent directory "/Library/Developer/CommandLineTools/SDKs/MacOSX11.3.sdk/Library/Frameworks"
#include "..." search starts here:
#include <...> search starts here:
 /usr/local/Cellar/gcc/11.1.0_1/lib/gcc/11/gcc/x86_64-apple-darwin20/11.1.0/../../../../../../include/c++/11.1.0
 /usr/local/Cellar/gcc/11.1.0_1/lib/gcc/11/gcc/x86_64-apple-darwin20/11.1.0/../../../../../../include/c++/11.1.0/x86_64-apple-darwin20
 /usr/local/Cellar/gcc/11.1.0_1/lib/gcc/11/gcc/x86_64-apple-darwin20/11.1.0/../../../../../../include/c++/11.1.0/backward
 /usr/local/Cellar/gcc/11.1.0_1/lib/gcc/11/gcc/x86_64-apple-darwin20/11.1.0/include
 /usr/local/Cellar/gcc/11.1.0_1/lib/gcc/11/gcc/x86_64-apple-darwin20/11.1.0/include-fixed
 /Library/Developer/CommandLineTools/SDKs/MacOSX11.3.sdk/usr/include
 /Library/Developer/CommandLineTools/SDKs/MacOSX11.3.sdk/System/Library/Frameworks
End of search list.
GNU C++17 (Homebrew GCC 11.1.0_1) version 11.1.0 (x86_64-apple-darwin20)
	compiled by GNU C version 11.1.0, GMP version 6.2.1, MPFR version 4.1.0, MPC version 1.2.1, isl version isl-0.24-GMP

GGC heuristics: --param ggc-min-expand=100 --param ggc-min-heapsize=131072
Compiler executable checksum: 89352b44fb11784d291cfb79c72f0c73
COLLECT_GCC_OPTIONS='-isysroot' '/Library/Developer/CommandLineTools/SDKs/MacOSX11.3.sdk' '-v' '-o' 'CMakeFiles/cmTC_5cef9.dir/CMakeCXXCompilerABI.cpp.o' '-c' '-mmacosx-version-min=11.4.0'  '-shared-libgcc' '-mtune=core2' '-dumpdir' 'CMakeFiles/cmTC_5cef9.dir/'
 as -arch x86_64 -v -force_cpusubtype_ALL -mmacosx-version-min=11.4 -o CMakeFiles/cmTC_5cef9.dir/CMakeCXXCompilerABI.cpp.o /var/folders/r3/499ff58d7q733q_w86r837g40000gn/T//ccvnxM8t.s
Apple clang version 12.0.5 (clang-1205.0.22.11)
Target: x86_64-apple-darwin20.5.0
Thread model: posix
InstalledDir: /Library/Developer/CommandLineTools/usr/bin
 "/Library/Developer/CommandLineTools/usr/bin/clang" -cc1as -triple x86_64-apple-macosx11.4.0 -filetype obj -main-file-name ccvnxM8t.s -target-cpu penryn -fdebug-compilation-dir /Users/masaya/Programs/git_test/C-test/build/CMakeFiles/CMakeTmp -dwarf-debug-producer "Apple clang version 12.0.5 (clang-1205.0.22.11)" -dwarf-version=4 -mrelocation-model pic -mllvm -disable-aligned-alloc-awareness=1 -o CMakeFiles/cmTC_5cef9.dir/CMakeCXXCompilerABI.cpp.o /var/folders/r3/499ff58d7q733q_w86r837g40000gn/T//ccvnxM8t.s
COMPILER_PATH=/usr/local/Cellar/gcc/11.1.0_1/libexec/gcc/x86_64-apple-darwin20/11.1.0/:/usr/local/Cellar/gcc/11.1.0_1/libexec/gcc/x86_64-apple-darwin20/11.1.0/:/usr/local/Cellar/gcc/11.1.0_1/libexec/gcc/x86_64-apple-darwin20/:/usr/local/Cellar/gcc/11.1.0_1/lib/gcc/11/gcc/x86_64-apple-darwin20/11.1.0/:/usr/local/Cellar/gcc/11.1.0_1/lib/gcc/11/gcc/x86_64-apple-darwin20/
LIBRARY_PATH=/usr/local/Cellar/gcc/11.1.0_1/lib/gcc/11/gcc/x86_64-apple-darwin20/11.1.0/:/usr/local/Cellar/gcc/11.1.0_1/lib/gcc/11/gcc/x86_64-apple-darwin20/11.1.0/../../../
COLLECT_GCC_OPTIONS='-isysroot' '/Library/Developer/CommandLineTools/SDKs/MacOSX11.3.sdk' '-v' '-o' 'CMakeFiles/cmTC_5cef9.dir/CMakeCXXCompilerABI.cpp.o' '-c' '-mmacosx-version-min=11.4.0'  '-shared-libgcc' '-mtune=core2' '-dumpdir' 'CMakeFiles/cmTC_5cef9.dir/CMakeCXXCompilerABI.cpp.'
Linking CXX executable cmTC_5cef9
/usr/local/Cellar/cmake/3.20.5/bin/cmake -E cmake_link_script CMakeFiles/cmTC_5cef9.dir/link.txt --verbose=1
/usr/local/bin/g++-11  -isysroot /Library/Developer/CommandLineTools/SDKs/MacOSX11.3.sdk -Wl,-search_paths_first -Wl,-headerpad_max_install_names -L/usr/local/opt/zlib/lib -v -Wl,-v CMakeFiles/cmTC_5cef9.dir/CMakeCXXCompilerABI.cpp.o -o cmTC_5cef9 
Using built-in specs.
COLLECT_GCC=/usr/local/bin/g++-11
COLLECT_LTO_WRAPPER=/usr/local/Cellar/gcc/11.1.0_1/libexec/gcc/x86_64-apple-darwin20/11.1.0/lto-wrapper
Target: x86_64-apple-darwin20
Configured with: ../configure --prefix=/usr/local/Cellar/gcc/11.1.0_1 --libdir=/usr/local/Cellar/gcc/11.1.0_1/lib/gcc/11 --disable-nls --enable-checking=release --enable-languages=c,c++,objc,obj-c++,fortran,d --program-suffix=-11 --with-gmp=/usr/local/opt/gmp --with-mpfr=/usr/local/opt/mpfr --with-mpc=/usr/local/opt/libmpc --with-isl=/usr/local/opt/isl --with-zstd=/usr/local/opt/zstd --with-pkgversion='Homebrew GCC 11.1.0_1' --with-bugurl=https://github.com/Homebrew/homebrew-core/issues --enable-libphobos --build=x86_64-apple-darwin20 --with-system-zlib --disable-multilib --without-build-config --with-native-system-header-dir=/usr/include --with-sysroot=/Library/Developer/CommandLineTools/SDKs/MacOSX.sdk
Thread model: posix
Supported LTO compression algorithms: zlib zstd
gcc version 11.1.0 (Homebrew GCC 11.1.0_1) 
COMPILER_PATH=/usr/local/Cellar/gcc/11.1.0_1/libexec/gcc/x86_64-apple-darwin20/11.1.0/:/usr/local/Cellar/gcc/11.1.0_1/libexec/gcc/x86_64-apple-darwin20/11.1.0/:/usr/local/Cellar/gcc/11.1.0_1/libexec/gcc/x86_64-apple-darwin20/:/usr/local/Cellar/gcc/11.1.0_1/lib/gcc/11/gcc/x86_64-apple-darwin20/11.1.0/:/usr/local/Cellar/gcc/11.1.0_1/lib/gcc/11/gcc/x86_64-apple-darwin20/
LIBRARY_PATH=/usr/local/Cellar/gcc/11.1.0_1/lib/gcc/11/gcc/x86_64-apple-darwin20/11.1.0/:/usr/local/Cellar/gcc/11.1.0_1/lib/gcc/11/gcc/x86_64-apple-darwin20/11.1.0/../../../
COLLECT_GCC_OPTIONS='-isysroot' '/Library/Developer/CommandLineTools/SDKs/MacOSX11.3.sdk' '-L/usr/local/opt/zlib/lib' '-v' '-o' 'cmTC_5cef9' '-mmacosx-version-min=11.4.0' '-asm_macosx_version_min=11.4' '-shared-libgcc' '-mtune=core2' '-dumpdir' 'cmTC_5cef9.'
 /usr/local/Cellar/gcc/11.1.0_1/libexec/gcc/x86_64-apple-darwin20/11.1.0/collect2 -dynamic -arch x86_64 -macosx_version_min 11.4.0 -syslibroot /Library/Developer/CommandLineTools/SDKs/MacOSX11.3.sdk -weak_reference_mismatches non-weak -o cmTC_5cef9 -L/usr/local/opt/zlib/lib -L/usr/local/Cellar/gcc/11.1.0_1/lib/gcc/11/gcc/x86_64-apple-darwin20/11.1.0 -L/usr/local/Cellar/gcc/11.1.0_1/lib/gcc/11/gcc/x86_64-apple-darwin20/11.1.0/../../.. -search_paths_first -headerpad_max_install_names -v CMakeFiles/cmTC_5cef9.dir/CMakeCXXCompilerABI.cpp.o -lstdc++ -lSystem -lgcc_ext.10.5 -lgcc -lSystem -no_compact_unwind -v
collect2 version 11.1.0
/usr/bin/ld -dynamic -arch x86_64 -macosx_version_min 11.4.0 -syslibroot /Library/Developer/CommandLineTools/SDKs/MacOSX11.3.sdk -weak_reference_mismatches non-weak -o cmTC_5cef9 -L/usr/local/opt/zlib/lib -L/usr/local/Cellar/gcc/11.1.0_1/lib/gcc/11/gcc/x86_64-apple-darwin20/11.1.0 -L/usr/local/Cellar/gcc/11.1.0_1/lib/gcc/11/gcc/x86_64-apple-darwin20/11.1.0/../../.. -search_paths_first -headerpad_max_install_names -v CMakeFiles/cmTC_5cef9.dir/CMakeCXXCompilerABI.cpp.o -lstdc++ -lSystem -lgcc_ext.10.5 -lgcc -lSystem -no_compact_unwind -v
@(#)PROGRAM:ld  PROJECT:ld64-650.9
BUILD 13:09:02 May 28 2021
configured to support archs: armv6 armv7 armv7s arm64 arm64e arm64_32 i386 x86_64 x86_64h armv6m armv7k armv7m armv7em
@(#)PROGRAM:ld  PROJECT:ld64-650.9
BUILD 13:09:02 May 28 2021
configured to support archs: armv6 armv7 armv7s arm64 arm64e arm64_32 i386 x86_64 x86_64h armv6m armv7k armv7m armv7em
Library search paths:
	/usr/local/opt/zlib/lib
	/usr/local/Cellar/gcc/11.1.0_1/lib/gcc/11/gcc/x86_64-apple-darwin20/11.1.0
	/usr/local/Cellar/gcc/11.1.0_1/lib/gcc/11
	/Library/Developer/CommandLineTools/SDKs/MacOSX11.3.sdk/usr/lib
Framework search paths:
	/Library/Developer/CommandLineTools/SDKs/MacOSX11.3.sdk/System/Library/Frameworks/



Parsed CXX implicit include dir info from above output: rv=done
  found start of include info
  found start of implicit include info
    add: [/usr/local/Cellar/gcc/11.1.0_1/lib/gcc/11/gcc/x86_64-apple-darwin20/11.1.0/../../../../../../include/c++/11.1.0]
    add: [/usr/local/Cellar/gcc/11.1.0_1/lib/gcc/11/gcc/x86_64-apple-darwin20/11.1.0/../../../../../../include/c++/11.1.0/x86_64-apple-darwin20]
    add: [/usr/local/Cellar/gcc/11.1.0_1/lib/gcc/11/gcc/x86_64-apple-darwin20/11.1.0/../../../../../../include/c++/11.1.0/backward]
    add: [/usr/local/Cellar/gcc/11.1.0_1/lib/gcc/11/gcc/x86_64-apple-darwin20/11.1.0/include]
    add: [/usr/local/Cellar/gcc/11.1.0_1/lib/gcc/11/gcc/x86_64-apple-darwin20/11.1.0/include-fixed]
    add: [/Library/Developer/CommandLineTools/SDKs/MacOSX11.3.sdk/usr/include]
    add: [/Library/Developer/CommandLineTools/SDKs/MacOSX11.3.sdk/System/Library/Frameworks]
  end of search list found
  collapse include dir [/usr/local/Cellar/gcc/11.1.0_1/lib/gcc/11/gcc/x86_64-apple-darwin20/11.1.0/../../../../../../include/c++/11.1.0] ==> [/usr/local/Cellar/gcc/11.1.0_1/include/c++/11.1.0]
  collapse include dir [/usr/local/Cellar/gcc/11.1.0_1/lib/gcc/11/gcc/x86_64-apple-darwin20/11.1.0/../../../../../../include/c++/11.1.0/x86_64-apple-darwin20] ==> [/usr/local/Cellar/gcc/11.1.0_1/include/c++/11.1.0/x86_64-apple-darwin20]
  collapse include dir [/usr/local/Cellar/gcc/11.1.0_1/lib/gcc/11/gcc/x86_64-apple-darwin20/11.1.0/../../../../../../include/c++/11.1.0/backward] ==> [/usr/local/Cellar/gcc/11.1.0_1/include/c++/11.1.0/backward]
  collapse include dir [/usr/local/Cellar/gcc/11.1.0_1/lib/gcc/11/gcc/x86_64-apple-darwin20/11.1.0/include] ==> [/usr/local/Cellar/gcc/11.1.0_1/lib/gcc/11/gcc/x86_64-apple-darwin20/11.1.0/include]
  collapse include dir [/usr/local/Cellar/gcc/11.1.0_1/lib/gcc/11/gcc/x86_64-apple-darwin20/11.1.0/include-fixed] ==> [/usr/local/Cellar/gcc/11.1.0_1/lib/gcc/11/gcc/x86_64-apple-darwin20/11.1.0/include-fixed]
  collapse include dir [/Library/Developer/CommandLineTools/SDKs/MacOSX11.3.sdk/usr/include] ==> [/Library/Developer/CommandLineTools/SDKs/MacOSX11.3.sdk/usr/include]
  collapse include dir [/Library/Developer/CommandLineTools/SDKs/MacOSX11.3.sdk/System/Library/Frameworks] ==> [/Library/Developer/CommandLineTools/SDKs/MacOSX11.3.sdk/System/Library/Frameworks]
  implicit include dirs: [/usr/local/Cellar/gcc/11.1.0_1/include/c++/11.1.0;/usr/local/Cellar/gcc/11.1.0_1/include/c++/11.1.0/x86_64-apple-darwin20;/usr/local/Cellar/gcc/11.1.0_1/include/c++/11.1.0/backward;/usr/local/Cellar/gcc/11.1.0_1/lib/gcc/11/gcc/x86_64-apple-darwin20/11.1.0/include;/usr/local/Cellar/gcc/11.1.0_1/lib/gcc/11/gcc/x86_64-apple-darwin20/11.1.0/include-fixed;/Library/Developer/CommandLineTools/SDKs/MacOSX11.3.sdk/usr/include;/Library/Developer/CommandLineTools/SDKs/MacOSX11.3.sdk/System/Library/Frameworks]


Parsed CXX implicit link information from above output:
  link line regex: [^( *|.*[/\])(ld|CMAKE_LINK_STARTFILE-NOTFOUND|([^/\]+-)?ld|collect2)[^/\]*( |$)]
  ignore line: [Change Dir: /Users/masaya/Programs/git_test/C-test/build/CMakeFiles/CMakeTmp]
  ignore line: []
  ignore line: [Run Build Command(s):/usr/bin/make -f Makefile cmTC_5cef9/fast && /Library/Developer/CommandLineTools/usr/bin/make  -f CMakeFiles/cmTC_5cef9.dir/build.make CMakeFiles/cmTC_5cef9.dir/build]
  ignore line: [Building CXX object CMakeFiles/cmTC_5cef9.dir/CMakeCXXCompilerABI.cpp.o]
  ignore line: [/usr/local/bin/g++-11   -isysroot /Library/Developer/CommandLineTools/SDKs/MacOSX11.3.sdk   -v -Wl -v -o CMakeFiles/cmTC_5cef9.dir/CMakeCXXCompilerABI.cpp.o -c /usr/local/Cellar/cmake/3.20.5/share/cmake/Modules/CMakeCXXCompilerABI.cpp]
  ignore line: [Using built-in specs.]
  ignore line: [COLLECT_GCC=/usr/local/bin/g++-11]
  ignore line: [Target: x86_64-apple-darwin20]
  ignore line: [Configured with: ../configure --prefix=/usr/local/Cellar/gcc/11.1.0_1 --libdir=/usr/local/Cellar/gcc/11.1.0_1/lib/gcc/11 --disable-nls --enable-checking=release --enable-languages=c c++ objc obj-c++ fortran d --program-suffix=-11 --with-gmp=/usr/local/opt/gmp --with-mpfr=/usr/local/opt/mpfr --with-mpc=/usr/local/opt/libmpc --with-isl=/usr/local/opt/isl --with-zstd=/usr/local/opt/zstd --with-pkgversion='Homebrew GCC 11.1.0_1' --with-bugurl=https://github.com/Homebrew/homebrew-core/issues --enable-libphobos --build=x86_64-apple-darwin20 --with-system-zlib --disable-multilib --without-build-config --with-native-system-header-dir=/usr/include --with-sysroot=/Library/Developer/CommandLineTools/SDKs/MacOSX.sdk]
  ignore line: [Thread model: posix]
  ignore line: [Supported LTO compression algorithms: zlib zstd]
  ignore line: [gcc version 11.1.0 (Homebrew GCC 11.1.0_1) ]
  ignore line: [COLLECT_GCC_OPTIONS='-isysroot' '/Library/Developer/CommandLineTools/SDKs/MacOSX11.3.sdk' '-v' '-o' 'CMakeFiles/cmTC_5cef9.dir/CMakeCXXCompilerABI.cpp.o' '-c' '-mmacosx-version-min=11.4.0' '-asm_macosx_version_min=11.4' '-shared-libgcc' '-mtune=core2' '-dumpdir' 'CMakeFiles/cmTC_5cef9.dir/']
  ignore line: [ /usr/local/Cellar/gcc/11.1.0_1/libexec/gcc/x86_64-apple-darwin20/11.1.0/cc1plus -quiet -v -D__DYNAMIC__ -isysroot /Library/Developer/CommandLineTools/SDKs/MacOSX11.3.sdk /usr/local/Cellar/cmake/3.20.5/share/cmake/Modules/CMakeCXXCompilerABI.cpp -fPIC -quiet -dumpdir CMakeFiles/cmTC_5cef9.dir/ -dumpbase CMakeCXXCompilerABI.cpp.cpp -dumpbase-ext .cpp -mmacosx-version-min=11.4.0 -mtune=core2 -version -o /var/folders/r3/499ff58d7q733q_w86r837g40000gn/T//ccvnxM8t.s]
  ignore line: [GNU C++17 (Homebrew GCC 11.1.0_1) version 11.1.0 (x86_64-apple-darwin20)]
  ignore line: [	compiled by GNU C version 11.1.0  GMP version 6.2.1  MPFR version 4.1.0  MPC version 1.2.1  isl version isl-0.24-GMP]
  ignore line: []
  ignore line: [GGC heuristics: --param ggc-min-expand=100 --param ggc-min-heapsize=131072]
  ignore line: [ignoring nonexistent directory "/Library/Developer/CommandLineTools/SDKs/MacOSX11.3.sdk/usr/local/include"]
  ignore line: [ignoring nonexistent directory "/usr/local/Cellar/gcc/11.1.0_1/lib/gcc/11/gcc/x86_64-apple-darwin20/11.1.0/../../../../../../x86_64-apple-darwin20/include"]
  ignore line: [ignoring nonexistent directory "/Library/Developer/CommandLineTools/SDKs/MacOSX11.3.sdk/Library/Frameworks"]
  ignore line: [#include "..." search starts here:]
  ignore line: [#include <...> search starts here:]
  ignore line: [ /usr/local/Cellar/gcc/11.1.0_1/lib/gcc/11/gcc/x86_64-apple-darwin20/11.1.0/../../../../../../include/c++/11.1.0]
  ignore line: [ /usr/local/Cellar/gcc/11.1.0_1/lib/gcc/11/gcc/x86_64-apple-darwin20/11.1.0/../../../../../../include/c++/11.1.0/x86_64-apple-darwin20]
  ignore line: [ /usr/local/Cellar/gcc/11.1.0_1/lib/gcc/11/gcc/x86_64-apple-darwin20/11.1.0/../../../../../../include/c++/11.1.0/backward]
  ignore line: [ /usr/local/Cellar/gcc/11.1.0_1/lib/gcc/11/gcc/x86_64-apple-darwin20/11.1.0/include]
  ignore line: [ /usr/local/Cellar/gcc/11.1.0_1/lib/gcc/11/gcc/x86_64-apple-darwin20/11.1.0/include-fixed]
  ignore line: [ /Library/Developer/CommandLineTools/SDKs/MacOSX11.3.sdk/usr/include]
  ignore line: [ /Library/Developer/CommandLineTools/SDKs/MacOSX11.3.sdk/System/Library/Frameworks]
  ignore line: [End of search list.]
  ignore line: [GNU C++17 (Homebrew GCC 11.1.0_1) version 11.1.0 (x86_64-apple-darwin20)]
  ignore line: [	compiled by GNU C version 11.1.0  GMP version 6.2.1  MPFR version 4.1.0  MPC version 1.2.1  isl version isl-0.24-GMP]
  ignore line: []
  ignore line: [GGC heuristics: --param ggc-min-expand=100 --param ggc-min-heapsize=131072]
  ignore line: [Compiler executable checksum: 89352b44fb11784d291cfb79c72f0c73]
  ignore line: [COLLECT_GCC_OPTIONS='-isysroot' '/Library/Developer/CommandLineTools/SDKs/MacOSX11.3.sdk' '-v' '-o' 'CMakeFiles/cmTC_5cef9.dir/CMakeCXXCompilerABI.cpp.o' '-c' '-mmacosx-version-min=11.4.0'  '-shared-libgcc' '-mtune=core2' '-dumpdir' 'CMakeFiles/cmTC_5cef9.dir/']
  ignore line: [ as -arch x86_64 -v -force_cpusubtype_ALL -mmacosx-version-min=11.4 -o CMakeFiles/cmTC_5cef9.dir/CMakeCXXCompilerABI.cpp.o /var/folders/r3/499ff58d7q733q_w86r837g40000gn/T//ccvnxM8t.s]
  ignore line: [Apple clang version 12.0.5 (clang-1205.0.22.11)]
  ignore line: [Target: x86_64-apple-darwin20.5.0]
  ignore line: [Thread model: posix]
  ignore line: [InstalledDir: /Library/Developer/CommandLineTools/usr/bin]
  ignore line: [ "/Library/Developer/CommandLineTools/usr/bin/clang" -cc1as -triple x86_64-apple-macosx11.4.0 -filetype obj -main-file-name ccvnxM8t.s -target-cpu penryn -fdebug-compilation-dir /Users/masaya/Programs/git_test/C-test/build/CMakeFiles/CMakeTmp -dwarf-debug-producer "Apple clang version 12.0.5 (clang-1205.0.22.11)" -dwarf-version=4 -mrelocation-model pic -mllvm -disable-aligned-alloc-awareness=1 -o CMakeFiles/cmTC_5cef9.dir/CMakeCXXCompilerABI.cpp.o /var/folders/r3/499ff58d7q733q_w86r837g40000gn/T//ccvnxM8t.s]
  ignore line: [COMPILER_PATH=/usr/local/Cellar/gcc/11.1.0_1/libexec/gcc/x86_64-apple-darwin20/11.1.0/:/usr/local/Cellar/gcc/11.1.0_1/libexec/gcc/x86_64-apple-darwin20/11.1.0/:/usr/local/Cellar/gcc/11.1.0_1/libexec/gcc/x86_64-apple-darwin20/:/usr/local/Cellar/gcc/11.1.0_1/lib/gcc/11/gcc/x86_64-apple-darwin20/11.1.0/:/usr/local/Cellar/gcc/11.1.0_1/lib/gcc/11/gcc/x86_64-apple-darwin20/]
  ignore line: [LIBRARY_PATH=/usr/local/Cellar/gcc/11.1.0_1/lib/gcc/11/gcc/x86_64-apple-darwin20/11.1.0/:/usr/local/Cellar/gcc/11.1.0_1/lib/gcc/11/gcc/x86_64-apple-darwin20/11.1.0/../../../]
  ignore line: [COLLECT_GCC_OPTIONS='-isysroot' '/Library/Developer/CommandLineTools/SDKs/MacOSX11.3.sdk' '-v' '-o' 'CMakeFiles/cmTC_5cef9.dir/CMakeCXXCompilerABI.cpp.o' '-c' '-mmacosx-version-min=11.4.0'  '-shared-libgcc' '-mtune=core2' '-dumpdir' 'CMakeFiles/cmTC_5cef9.dir/CMakeCXXCompilerABI.cpp.']
  ignore line: [Linking CXX executable cmTC_5cef9]
  ignore line: [/usr/local/Cellar/cmake/3.20.5/bin/cmake -E cmake_link_script CMakeFiles/cmTC_5cef9.dir/link.txt --verbose=1]
  ignore line: [/usr/local/bin/g++-11  -isysroot /Library/Developer/CommandLineTools/SDKs/MacOSX11.3.sdk -Wl -search_paths_first -Wl -headerpad_max_install_names -L/usr/local/opt/zlib/lib -v -Wl -v CMakeFiles/cmTC_5cef9.dir/CMakeCXXCompilerABI.cpp.o -o cmTC_5cef9 ]
  ignore line: [Using built-in specs.]
  ignore line: [COLLECT_GCC=/usr/local/bin/g++-11]
  ignore line: [COLLECT_LTO_WRAPPER=/usr/local/Cellar/gcc/11.1.0_1/libexec/gcc/x86_64-apple-darwin20/11.1.0/lto-wrapper]
  ignore line: [Target: x86_64-apple-darwin20]
  ignore line: [Configured with: ../configure --prefix=/usr/local/Cellar/gcc/11.1.0_1 --libdir=/usr/local/Cellar/gcc/11.1.0_1/lib/gcc/11 --disable-nls --enable-checking=release --enable-languages=c c++ objc obj-c++ fortran d --program-suffix=-11 --with-gmp=/usr/local/opt/gmp --with-mpfr=/usr/local/opt/mpfr --with-mpc=/usr/local/opt/libmpc --with-isl=/usr/local/opt/isl --with-zstd=/usr/local/opt/zstd --with-pkgversion='Homebrew GCC 11.1.0_1' --with-bugurl=https://github.com/Homebrew/homebrew-core/issues --enable-libphobos --build=x86_64-apple-darwin20 --with-system-zlib --disable-multilib --without-build-config --with-native-system-header-dir=/usr/include --with-sysroot=/Library/Developer/CommandLineTools/SDKs/MacOSX.sdk]
  ignore line: [Thread model: posix]
  ignore line: [Supported LTO compression algorithms: zlib zstd]
  ignore line: [gcc version 11.1.0 (Homebrew GCC 11.1.0_1) ]
  ignore line: [COMPILER_PATH=/usr/local/Cellar/gcc/11.1.0_1/libexec/gcc/x86_64-apple-darwin20/11.1.0/:/usr/local/Cellar/gcc/11.1.0_1/libexec/gcc/x86_64-apple-darwin20/11.1.0/:/usr/local/Cellar/gcc/11.1.0_1/libexec/gcc/x86_64-apple-darwin20/:/usr/local/Cellar/gcc/11.1.0_1/lib/gcc/11/gcc/x86_64-apple-darwin20/11.1.0/:/usr/local/Cellar/gcc/11.1.0_1/lib/gcc/11/gcc/x86_64-apple-darwin20/]
  ignore line: [LIBRARY_PATH=/usr/local/Cellar/gcc/11.1.0_1/lib/gcc/11/gcc/x86_64-apple-darwin20/11.1.0/:/usr/local/Cellar/gcc/11.1.0_1/lib/gcc/11/gcc/x86_64-apple-darwin20/11.1.0/../../../]
  ignore line: [COLLECT_GCC_OPTIONS='-isysroot' '/Library/Developer/CommandLineTools/SDKs/MacOSX11.3.sdk' '-L/usr/local/opt/zlib/lib' '-v' '-o' 'cmTC_5cef9' '-mmacosx-version-min=11.4.0' '-asm_macosx_version_min=11.4' '-shared-libgcc' '-mtune=core2' '-dumpdir' 'cmTC_5cef9.']
  link line: [ /usr/local/Cellar/gcc/11.1.0_1/libexec/gcc/x86_64-apple-darwin20/11.1.0/collect2 -dynamic -arch x86_64 -macosx_version_min 11.4.0 -syslibroot /Library/Developer/CommandLineTools/SDKs/MacOSX11.3.sdk -weak_reference_mismatches non-weak -o cmTC_5cef9 -L/usr/local/opt/zlib/lib -L/usr/local/Cellar/gcc/11.1.0_1/lib/gcc/11/gcc/x86_64-apple-darwin20/11.1.0 -L/usr/local/Cellar/gcc/11.1.0_1/lib/gcc/11/gcc/x86_64-apple-darwin20/11.1.0/../../.. -search_paths_first -headerpad_max_install_names -v CMakeFiles/cmTC_5cef9.dir/CMakeCXXCompilerABI.cpp.o -lstdc++ -lSystem -lgcc_ext.10.5 -lgcc -lSystem -no_compact_unwind -v]
    arg [/usr/local/Cellar/gcc/11.1.0_1/libexec/gcc/x86_64-apple-darwin20/11.1.0/collect2] ==> ignore
    arg [-dynamic] ==> ignore
    arg [-arch] ==> ignore
    arg [x86_64] ==> ignore
    arg [-macosx_version_min] ==> ignore
    arg [11.4.0] ==> ignore
    arg [-syslibroot] ==> ignore
    arg [/Library/Developer/CommandLineTools/SDKs/MacOSX11.3.sdk] ==> ignore
    arg [-weak_reference_mismatches] ==> ignore
    arg [non-weak] ==> ignore
    arg [-o] ==> ignore
    arg [cmTC_5cef9] ==> ignore
    arg [-L/usr/local/opt/zlib/lib] ==> dir [/usr/local/opt/zlib/lib]
    arg [-L/usr/local/Cellar/gcc/11.1.0_1/lib/gcc/11/gcc/x86_64-apple-darwin20/11.1.0] ==> dir [/usr/local/Cellar/gcc/11.1.0_1/lib/gcc/11/gcc/x86_64-apple-darwin20/11.1.0]
    arg [-L/usr/local/Cellar/gcc/11.1.0_1/lib/gcc/11/gcc/x86_64-apple-darwin20/11.1.0/../../..] ==> dir [/usr/local/Cellar/gcc/11.1.0_1/lib/gcc/11/gcc/x86_64-apple-darwin20/11.1.0/../../..]
    arg [-search_paths_first] ==> ignore
    arg [-headerpad_max_install_names] ==> ignore
    arg [-v] ==> ignore
    arg [CMakeFiles/cmTC_5cef9.dir/CMakeCXXCompilerABI.cpp.o] ==> ignore
    arg [-lstdc++] ==> lib [stdc++]
    arg [-lSystem] ==> lib [System]
    arg [-lgcc_ext.10.5] ==> lib [gcc_ext.10.5]
    arg [-lgcc] ==> lib [gcc]
    arg [-lSystem] ==> lib [System]
    arg [-no_compact_unwind] ==> ignore
    arg [-v] ==> ignore
  Library search paths: [;/usr/local/opt/zlib/lib;/usr/local/Cellar/gcc/11.1.0_1/lib/gcc/11/gcc/x86_64-apple-darwin20/11.1.0;/usr/local/Cellar/gcc/11.1.0_1/lib/gcc/11;/Library/Developer/CommandLineTools/SDKs/MacOSX11.3.sdk/usr/lib]
  Framework search paths: [;/Library/Developer/CommandLineTools/SDKs/MacOSX11.3.sdk/System/Library/Frameworks/]
  remove lib [System]
  remove lib [System]
  collapse library dir [/usr/local/opt/zlib/lib] ==> [/usr/local/opt/zlib/lib]
  collapse library dir [/usr/local/Cellar/gcc/11.1.0_1/lib/gcc/11/gcc/x86_64-apple-darwin20/11.1.0] ==> [/usr/local/Cellar/gcc/11.1.0_1/lib/gcc/11/gcc/x86_64-apple-darwin20/11.1.0]
  collapse library dir [/usr/local/Cellar/gcc/11.1.0_1/lib/gcc/11/gcc/x86_64-apple-darwin20/11.1.0/../../..] ==> [/usr/local/Cellar/gcc/11.1.0_1/lib/gcc/11]
  collapse library dir [/usr/local/opt/zlib/lib] ==> [/usr/local/opt/zlib/lib]
  collapse library dir [/usr/local/Cellar/gcc/11.1.0_1/lib/gcc/11/gcc/x86_64-apple-darwin20/11.1.0] ==> [/usr/local/Cellar/gcc/11.1.0_1/lib/gcc/11/gcc/x86_64-apple-darwin20/11.1.0]
  collapse library dir [/usr/local/Cellar/gcc/11.1.0_1/lib/gcc/11] ==> [/usr/local/Cellar/gcc/11.1.0_1/lib/gcc/11]
  collapse library dir [/Library/Developer/CommandLineTools/SDKs/MacOSX11.3.sdk/usr/lib] ==> [/Library/Developer/CommandLineTools/SDKs/MacOSX11.3.sdk/usr/lib]
  collapse framework dir [/Library/Developer/CommandLineTools/SDKs/MacOSX11.3.sdk/System/Library/Frameworks/] ==> [/Library/Developer/CommandLineTools/SDKs/MacOSX11.3.sdk/System/Library/Frameworks]
  implicit libs: [stdc++;gcc_ext.10.5;gcc]
  implicit objs: []
  implicit dirs: [/usr/local/opt/zlib/lib;/usr/local/Cellar/gcc/11.1.0_1/lib/gcc/11/gcc/x86_64-apple-darwin20/11.1.0;/usr/local/Cellar/gcc/11.1.0_1/lib/gcc/11;/Library/Developer/CommandLineTools/SDKs/MacOSX11.3.sdk/usr/lib]
  implicit fwks: [/Library/Developer/CommandLineTools/SDKs/MacOSX11.3.sdk/System/Library/Frameworks]


